12:39:01 [background-preinit] INFO    --- o.h.v.i.u.Version - HV000001: Hibernate Validator 6.2.2.Final
12:39:01 [main] INFO    --- c.g.j.c.Application - Starting Application using Java 11.0.12 on nam with PID 43050 (/media/nam/f9ab70ee-682c-4adc-90fa-bcb7cf204ee2/code/code_public/e-learning/repo/backend/backed-e-learning/target/classes started by nam in /media/nam/f9ab70ee-682c-4adc-90fa-bcb7cf204ee2/code/code_public/e-learning/repo/backend/backed-e-learning)
12:39:01 [main] DEBUG   --- c.g.j.c.Application - Running with Spring Boot v2.5.10, Spring v5.3.16
12:39:01 [main] INFO    --- c.g.j.c.Application - No active profile set, falling back to 1 default profile: "default"
12:39:01 [main] INFO    --- o.s.d.r.c.RepositoryConfigurationDelegate - Bootstrapping Spring Data JPA repositories in DEFAULT mode.
12:39:02 [main] INFO    --- o.s.d.r.c.RepositoryConfigurationDelegate - Finished Spring Data repository scanning in 30 ms. Found 1 JPA repository interfaces.
12:39:02 [main] INFO    --- o.s.b.w.e.t.TomcatWebServer - Tomcat initialized with port(s): 8080 (http)
12:39:02 [main] INFO    --- o.a.c.h.Http11NioProtocol - Initializing ProtocolHandler ["http-nio-8080"]
12:39:02 [main] INFO    --- o.a.c.c.StandardService - Starting service [Tomcat]
12:39:02 [main] INFO    --- o.a.c.c.StandardEngine - Starting Servlet engine: [Apache Tomcat/9.0.58]
12:39:02 [main] INFO    --- o.a.c.c.C.[.[.[/] - Initializing Spring embedded WebApplicationContext
12:39:02 [main] INFO    --- o.s.b.w.s.c.ServletWebServerApplicationContext - Root WebApplicationContext: initialization completed in 1028 ms
12:39:02 [main] INFO    --- o.f.c.i.l.VersionPrinter - Flyway Community Edition 7.7.3 by Redgate
12:39:02 [main] INFO    --- c.z.h.HikariDataSource - HikariPool-1 - Starting...
12:39:02 [main] INFO    --- c.z.h.HikariDataSource - HikariPool-1 - Start completed.
12:39:02 [main] INFO    --- o.f.c.i.d.b.DatabaseType - Database: jdbc:postgresql://localhost:5432/elearning (PostgreSQL 14.2)
12:39:02 [main] WARN    --- o.f.c.i.d.b.Database - Flyway upgrade recommended: org.flywaydb.core.internal.database.postgresql.PostgreSQLDatabaseType@77cddc0c 14.2 is newer than this version of Flyway and support has not been tested. The latest supported version of org.flywaydb.core.internal.database.postgresql.PostgreSQLDatabaseType@77cddc0c is 13.
12:39:02 [main] INFO    --- o.f.c.i.c.DbValidate - Successfully validated 1 migration (execution time 00:00.017s)
12:39:02 [main] INFO    --- o.f.c.i.c.DbMigrate - Current version of schema "public": 1
12:39:02 [main] INFO    --- o.f.c.i.c.DbMigrate - Schema "public" is up to date. No migration necessary.
12:39:02 [main] INFO    --- o.h.j.i.u.LogHelper - HHH000204: Processing PersistenceUnitInfo [name: default]
12:39:02 [main] INFO    --- o.h.Version - HHH000412: Hibernate ORM core version 5.4.33
12:39:02 [main] INFO    --- o.h.a.c.Version - HCANN000001: Hibernate Commons Annotations {5.1.2.Final}
12:39:02 [main] INFO    --- o.h.d.Dialect - HHH000400: Using dialect: org.hibernate.dialect.PostgreSQL10Dialect
12:39:03 [main] INFO    --- o.h.e.t.j.p.i.JtaPlatformInitiator - HHH000490: Using JtaPlatform implementation: [org.hibernate.engine.transaction.jta.platform.internal.NoJtaPlatform]
12:39:03 [main] INFO    --- o.s.o.j.LocalContainerEntityManagerFactoryBean - Initialized JPA EntityManagerFactory for persistence unit 'default'
12:39:03 [main] DEBUG   --- c.g.j.c.s.j.JwtAuthorizationFilter - Filter 'jwtAuthorizationFilter' configured for use
12:39:03 [main] WARN    --- o.s.b.a.o.j.JpaBaseConfiguration$JpaWebConfiguration - spring.jpa.open-in-view is enabled by default. Therefore, database queries may be performed during view rendering. Explicitly configure spring.jpa.open-in-view to disable this warning
12:39:03 [main] INFO    --- o.s.b.a.e.w.EndpointLinksResolver - Exposing 1 endpoint(s) beneath base path '/actuator'
12:39:03 [main] INFO    --- s.d.s.w.PropertySourcedRequestMappingHandlerMapping - Mapped URL path [/v2/api-docs] onto method [springfox.documentation.swagger2.web.Swagger2Controller#getDocumentation(String, HttpServletRequest)]
12:39:04 [main] INFO    --- o.s.s.w.DefaultSecurityFilterChain - Will not secure Ant [pattern='/api/v1/**']
12:39:04 [main] INFO    --- o.a.c.h.Http11NioProtocol - Starting ProtocolHandler ["http-nio-8080"]
12:39:04 [main] INFO    --- o.s.b.w.e.t.TomcatWebServer - Tomcat started on port(s): 8080 (http) with context path ''
12:39:04 [main] INFO    --- s.d.s.w.p.DocumentationPluginsBootstrapper - Context refreshed
12:39:04 [main] INFO    --- s.d.s.w.p.DocumentationPluginsBootstrapper - Found 1 custom documentation plugin(s)
12:39:04 [main] INFO    --- s.d.s.w.s.ApiListingReferenceScanner - Scanning for api listing references
12:39:04 [main] INFO    --- c.g.j.c.Application - Started Application in 3.336 seconds (JVM running for 3.773)
12:39:13 [http-nio-8080-exec-1] INFO    --- o.a.c.c.C.[.[.[/] - Initializing Spring DispatcherServlet 'dispatcherServlet'
12:39:13 [http-nio-8080-exec-1] INFO    --- o.s.w.s.DispatcherServlet - Initializing Servlet 'dispatcherServlet'
12:39:13 [http-nio-8080-exec-1] INFO    --- o.s.w.s.DispatcherServlet - Completed initialization in 1 ms
13:29:28 [http-nio-8080-exec-2] INFO    --- o.a.c.h.Http11Processor - Error parsing HTTP request header
 Note: further occurrences of HTTP request parsing errors will be logged at DEBUG level.
java.lang.IllegalArgumentException: Invalid character found in method name [0x160x030x010x020x000x010x000x010xfc0x030x030xeb0xe200x160xba0xb50xd50x100xda0x13POHC0x0d0xdb1p0x110xca0x140x890xaf0xbf[0xaf0xb0V0x98!lk ]. HTTP method names must be tokens
	at org.apache.coyote.http11.Http11InputBuffer.parseRequestLine(Http11InputBuffer.java:419) ~[tomcat-embed-core-9.0.58.jar:9.0.58]
	at org.apache.coyote.http11.Http11Processor.service(Http11Processor.java:271) [tomcat-embed-core-9.0.58.jar:9.0.58]
	at org.apache.coyote.AbstractProcessorLight.process(AbstractProcessorLight.java:65) [tomcat-embed-core-9.0.58.jar:9.0.58]
	at org.apache.coyote.AbstractProtocol$ConnectionHandler.process(AbstractProtocol.java:889) [tomcat-embed-core-9.0.58.jar:9.0.58]
	at org.apache.tomcat.util.net.NioEndpoint$SocketProcessor.doRun(NioEndpoint.java:1735) [tomcat-embed-core-9.0.58.jar:9.0.58]
	at org.apache.tomcat.util.net.SocketProcessorBase.run(SocketProcessorBase.java:49) [tomcat-embed-core-9.0.58.jar:9.0.58]
	at org.apache.tomcat.util.threads.ThreadPoolExecutor.runWorker(ThreadPoolExecutor.java:1191) [tomcat-embed-core-9.0.58.jar:9.0.58]
	at org.apache.tomcat.util.threads.ThreadPoolExecutor$Worker.run(ThreadPoolExecutor.java:659) [tomcat-embed-core-9.0.58.jar:9.0.58]
	at org.apache.tomcat.util.threads.TaskThread$WrappingRunnable.run(TaskThread.java:61) [tomcat-embed-core-9.0.58.jar:9.0.58]
	at java.lang.Thread.run(Thread.java:829) [?:?]
13:31:16 [http-nio-8080-exec-9] ERROR   --- o.a.c.c.C.[.[.[.[dispatcherServlet] - Servlet.service() for servlet [dispatcherServlet] in context with path [] threw exception
org.springframework.security.web.firewall.RequestRejectedException: The request was rejected because the URL contained a potentially malicious String "//"
	at org.springframework.security.web.firewall.StrictHttpFirewall.rejectedBlocklistedUrls(StrictHttpFirewall.java:456) ~[spring-security-web-5.5.5.jar:5.5.5]
	at org.springframework.security.web.firewall.StrictHttpFirewall.getFirewalledRequest(StrictHttpFirewall.java:429) ~[spring-security-web-5.5.5.jar:5.5.5]
	at org.springframework.security.web.FilterChainProxy.doFilterInternal(FilterChainProxy.java:196) ~[spring-security-web-5.5.5.jar:5.5.5]
	at org.springframework.security.web.FilterChainProxy.doFilter(FilterChainProxy.java:183) ~[spring-security-web-5.5.5.jar:5.5.5]
	at org.springframework.web.filter.DelegatingFilterProxy.invokeDelegate(DelegatingFilterProxy.java:354) ~[spring-web-5.3.16.jar:5.3.16]
	at org.springframework.web.filter.DelegatingFilterProxy.doFilter(DelegatingFilterProxy.java:267) ~[spring-web-5.3.16.jar:5.3.16]
	at org.apache.catalina.core.ApplicationFilterChain.internalDoFilter(ApplicationFilterChain.java:189) ~[tomcat-embed-core-9.0.58.jar:9.0.58]
	at org.apache.catalina.core.ApplicationFilterChain.doFilter(ApplicationFilterChain.java:162) ~[tomcat-embed-core-9.0.58.jar:9.0.58]
	at org.springframework.web.filter.RequestContextFilter.doFilterInternal(RequestContextFilter.java:100) ~[spring-web-5.3.16.jar:5.3.16]
	at org.springframework.web.filter.OncePerRequestFilter.doFilter(OncePerRequestFilter.java:117) ~[spring-web-5.3.16.jar:5.3.16]
	at org.apache.catalina.core.ApplicationFilterChain.internalDoFilter(ApplicationFilterChain.java:189) ~[tomcat-embed-core-9.0.58.jar:9.0.58]
	at org.apache.catalina.core.ApplicationFilterChain.doFilter(ApplicationFilterChain.java:162) ~[tomcat-embed-core-9.0.58.jar:9.0.58]
	at org.springframework.web.filter.FormContentFilter.doFilterInternal(FormContentFilter.java:93) ~[spring-web-5.3.16.jar:5.3.16]
	at org.springframework.web.filter.OncePerRequestFilter.doFilter(OncePerRequestFilter.java:117) ~[spring-web-5.3.16.jar:5.3.16]
	at org.apache.catalina.core.ApplicationFilterChain.internalDoFilter(ApplicationFilterChain.java:189) ~[tomcat-embed-core-9.0.58.jar:9.0.58]
	at org.apache.catalina.core.ApplicationFilterChain.doFilter(ApplicationFilterChain.java:162) ~[tomcat-embed-core-9.0.58.jar:9.0.58]
	at org.springframework.boot.actuate.metrics.web.servlet.WebMvcMetricsFilter.doFilterInternal(WebMvcMetricsFilter.java:96) ~[spring-boot-actuator-2.5.10.jar:2.5.10]
	at org.springframework.web.filter.OncePerRequestFilter.doFilter(OncePerRequestFilter.java:117) ~[spring-web-5.3.16.jar:5.3.16]
	at org.apache.catalina.core.ApplicationFilterChain.internalDoFilter(ApplicationFilterChain.java:189) ~[tomcat-embed-core-9.0.58.jar:9.0.58]
	at org.apache.catalina.core.ApplicationFilterChain.doFilter(ApplicationFilterChain.java:162) ~[tomcat-embed-core-9.0.58.jar:9.0.58]
	at org.springframework.web.filter.CharacterEncodingFilter.doFilterInternal(CharacterEncodingFilter.java:201) ~[spring-web-5.3.16.jar:5.3.16]
	at org.springframework.web.filter.OncePerRequestFilter.doFilter(OncePerRequestFilter.java:117) ~[spring-web-5.3.16.jar:5.3.16]
	at org.apache.catalina.core.ApplicationFilterChain.internalDoFilter(ApplicationFilterChain.java:189) ~[tomcat-embed-core-9.0.58.jar:9.0.58]
	at org.apache.catalina.core.ApplicationFilterChain.doFilter(ApplicationFilterChain.java:162) ~[tomcat-embed-core-9.0.58.jar:9.0.58]
	at org.apache.catalina.core.StandardWrapperValve.invoke(StandardWrapperValve.java:197) [tomcat-embed-core-9.0.58.jar:9.0.58]
	at org.apache.catalina.core.StandardContextValve.invoke(StandardContextValve.java:97) [tomcat-embed-core-9.0.58.jar:9.0.58]
	at org.apache.catalina.authenticator.AuthenticatorBase.invoke(AuthenticatorBase.java:540) [tomcat-embed-core-9.0.58.jar:9.0.58]
	at org.apache.catalina.core.StandardHostValve.invoke(StandardHostValve.java:135) [tomcat-embed-core-9.0.58.jar:9.0.58]
	at org.apache.catalina.valves.ErrorReportValve.invoke(ErrorReportValve.java:92) [tomcat-embed-core-9.0.58.jar:9.0.58]
	at org.apache.catalina.core.StandardEngineValve.invoke(StandardEngineValve.java:78) [tomcat-embed-core-9.0.58.jar:9.0.58]
	at org.apache.catalina.connector.CoyoteAdapter.service(CoyoteAdapter.java:359) [tomcat-embed-core-9.0.58.jar:9.0.58]
	at org.apache.coyote.http11.Http11Processor.service(Http11Processor.java:399) [tomcat-embed-core-9.0.58.jar:9.0.58]
	at org.apache.coyote.AbstractProcessorLight.process(AbstractProcessorLight.java:65) [tomcat-embed-core-9.0.58.jar:9.0.58]
	at org.apache.coyote.AbstractProtocol$ConnectionHandler.process(AbstractProtocol.java:889) [tomcat-embed-core-9.0.58.jar:9.0.58]
	at org.apache.tomcat.util.net.NioEndpoint$SocketProcessor.doRun(NioEndpoint.java:1735) [tomcat-embed-core-9.0.58.jar:9.0.58]
	at org.apache.tomcat.util.net.SocketProcessorBase.run(SocketProcessorBase.java:49) [tomcat-embed-core-9.0.58.jar:9.0.58]
	at org.apache.tomcat.util.threads.ThreadPoolExecutor.runWorker(ThreadPoolExecutor.java:1191) [tomcat-embed-core-9.0.58.jar:9.0.58]
	at org.apache.tomcat.util.threads.ThreadPoolExecutor$Worker.run(ThreadPoolExecutor.java:659) [tomcat-embed-core-9.0.58.jar:9.0.58]
	at org.apache.tomcat.util.threads.TaskThread$WrappingRunnable.run(TaskThread.java:61) [tomcat-embed-core-9.0.58.jar:9.0.58]
	at java.lang.Thread.run(Thread.java:829) [?:?]
13:36:04 [SpringApplicationShutdownHook] INFO    --- o.s.o.j.LocalContainerEntityManagerFactoryBean - Closing JPA EntityManagerFactory for persistence unit 'default'
13:36:04 [SpringApplicationShutdownHook] INFO    --- c.z.h.HikariDataSource - HikariPool-1 - Shutdown initiated...
13:36:04 [SpringApplicationShutdownHook] INFO    --- c.z.h.HikariDataSource - HikariPool-1 - Shutdown completed.
